This is pdfTeX, Version 3.1415926-2.3-1.40.12 (MiKTeX 2.9) (preloaded format=pdflatex 2012.3.15)  22 APR 2012 10:44
entering extended mode
**Documentation.tex

("D:\Å KOLA\IA158 Real Time Systems\Assignment 3\Documentation\Documentation.te
x"
LaTeX2e <2011/06/27>
Babel <v3.8m> and hyphenation patterns for english, afrikaans, ancientgreek, ar
abic, armenian, assamese, basque, bengali, bokmal, bulgarian, catalan, coptic, 
croatian, czech, danish, dutch, esperanto, estonian, farsi, finnish, french, ga
lician, german, german-x-2009-06-19, greek, gujarati, hindi, hungarian, iceland
ic, indonesian, interlingua, irish, italian, kannada, kurmanji, lao, latin, lat
vian, lithuanian, malayalam, marathi, mongolian, mongolianlmc, monogreek, ngerm
an, ngerman-x-2009-06-19, nynorsk, oriya, panjabi, pinyin, polish, portuguese, 
romanian, russian, sanskrit, serbian, slovak, slovenian, spanish, swedish, swis
sgerman, tamil, telugu, turkish, turkmen, ukenglish, ukrainian, uppersorbian, u
senglishmax, welsh, loaded.
("C:\Program Files (x86)\MiKTeX 2.9\tex\latex\base\article.cls"
Document Class: article 2007/10/19 v1.4h Standard LaTeX document class
("C:\Program Files (x86)\MiKTeX 2.9\tex\latex\base\size10.clo"
File: size10.clo 2007/10/19 v1.4h Standard LaTeX file (size option)
)
\c@part=\count79
\c@section=\count80
\c@subsection=\count81
\c@subsubsection=\count82
\c@paragraph=\count83
\c@subparagraph=\count84
\c@figure=\count85
\c@table=\count86
\abovecaptionskip=\skip41
\belowcaptionskip=\skip42
\bibindent=\dimen102
)
(C:\Users\Asan\AppData\Roaming\MiKTeX\2.9\tex\latex\a4wide\a4wide.sty
Package: a4wide 1994/08/30

(C:\Users\Asan\AppData\Roaming\MiKTeX\2.9\tex\latex\ntgclass\a4.sty
Package: a4 2004/04/15 v1.2g A4 based page layout
))
("D:\Å KOLA\IA158 Real Time Systems\Assignment 3\Documentation\Documentation.au
x")
LaTeX Font Info:    Checking defaults for OML/cmm/m/it on input line 4.
LaTeX Font Info:    ... okay on input line 4.
LaTeX Font Info:    Checking defaults for T1/cmr/m/n on input line 4.
LaTeX Font Info:    ... okay on input line 4.
LaTeX Font Info:    Checking defaults for OT1/cmr/m/n on input line 4.
LaTeX Font Info:    ... okay on input line 4.
LaTeX Font Info:    Checking defaults for OMS/cmsy/m/n on input line 4.
LaTeX Font Info:    ... okay on input line 4.
LaTeX Font Info:    Checking defaults for OMX/cmex/m/n on input line 4.
LaTeX Font Info:    ... okay on input line 4.
LaTeX Font Info:    Checking defaults for U/cmr/m/n on input line 4.
LaTeX Font Info:    ... okay on input line 4.
LaTeX Font Info:    External font `cmex10' loaded for size
(Font)              <12> on input line 9.
LaTeX Font Info:    External font `cmex10' loaded for size
(Font)              <8> on input line 9.
LaTeX Font Info:    External font `cmex10' loaded for size
(Font)              <6> on input line 9.

("D:\Å KOLA\IA158 Real Time Systems\Assignment 3\Documentation\Juro_constructio
n.tex")
Overfull \hbox (76.57735pt too wide) in paragraph at lines 4--32
\OT1/cmr/m/n/10 - there is a howto for one pretty, I would build on that: []\OT
1/cmtt/m/n/10 http://www.nxtprograms.com/NXT2/race_car/steps.html
 []


("D:\Å KOLA\IA158 Real Time Systems\Assignment 3\Documentation\Juro_movement.te
x")
("D:\Å KOLA\IA158 Real Time Systems\Assignment 3\Documentation\Juro_calibration
.tex") [1

{C:/Users/Asan/AppData/Local/MiKTeX/2.9/pdftex/config/pdftex.map}]
("D:\Å KOLA\IA158 Real Time Systems\Assignment 3\Documentation\Miro_encoding.te
x"
LaTeX Font Info:    Try loading font information for OMS+cmr on input line 6.
 ("C:\Program Files (x86)\MiKTeX 2.9\tex\latex\base\omscmr.fd"
File: omscmr.fd 1999/05/25 v2.5h Standard LaTeX font definitions
)
LaTeX Font Info:    Font shape `OMS/cmr/m/n' in size <10> not available
(Font)              Font shape `OMS/cmsy/m/n' tried instead on input line 6.
)
("D:\Å KOLA\IA158 Real Time Systems\Assignment 3\Documentation\Miro_plotting.te
x"
Underfull \hbox (badness 10000) in paragraph at lines 4--6

 []

)
("D:\Å KOLA\IA158 Real Time Systems\Assignment 3\Documentation\Miro_movement.te
x")
("D:\Å KOLA\IA158 Real Time Systems\Assignment 3\Documentation\Dejv_semantics.t
ex"
Missing character: There is no ° in font cmr10!
Missing character: There is no ° in font cmr10!
Missing character: There is no ° in font cmr10!
 [2]
Missing character: There is no ° in font cmr10!

Underfull \hbox (badness 10000) in paragraph at lines 27--29

 []

)
("D:\Å KOLA\IA158 Real Time Systems\Assignment 3\Documentation\Dejv_execution.t
ex") [3]
("D:\Å KOLA\IA158 Real Time Systems\Assignment 3\Documentation\Documentation.au
x") ) 
Here is how much of TeX's memory you used:
 298 strings out of 494045
 5196 string characters out of 3145972
 53890 words of memory out of 3000000
 3627 multiletter control sequences out of 15000+200000
 8409 words of font info for 30 fonts, out of 3000000 for 9000
 715 hyphenation exceptions out of 8191
 23i,6n,19p,383b,229s stack positions out of 5000i,500n,10000p,200000b,50000s
<C:/Program Files (x86)/MiKTeX 2.9/fonts/type1/public/amsfonts/cm/cmbx10.p
fb><C:/Program Files (x86)/MiKTeX 2.9/fonts/type1/public/amsfonts/cm/cmbx12.pfb
><C:/Program Files (x86)/MiKTeX 2.9/fonts/type1/public/amsfonts/cm/cmr10.pfb><C
:/Program Files (x86)/MiKTeX 2.9/fonts/type1/public/amsfonts/cm/cmr12.pfb><C:/P
rogram Files (x86)/MiKTeX 2.9/fonts/type1/public/amsfonts/cm/cmr17.pfb><C:/Prog
ram Files (x86)/MiKTeX 2.9/fonts/type1/public/amsfonts/cm/cmsy10.pfb><C:/Progra
m Files (x86)/MiKTeX 2.9/fonts/type1/public/amsfonts/cm/cmti10.pfb><C:/Program 
Files (x86)/MiKTeX 2.9/fonts/type1/public/amsfonts/cm/cmtt10.pfb>
Output written on Documentation.pdf (3 pages, 107381 bytes).
PDF statistics:
 44 PDF objects out of 1000 (max. 8388607)
 0 named destinations out of 1000 (max. 500000)
 1 words of extra memory for PDF output out of 10000 (max. 10000000)

